<?xml version="1.0" encoding="UTF-8"?>
<!-- Generated by org.testng.reporters.JUnitReportReporter -->
<testsuite hostname="DESKTOP-16K4T19" failures="0" tests="2" name="Testcase.Login" time="124.343" errors="0" timestamp="2024-04-27T23:25:47 IST" skipped="0">
  <testcase classname="Testcase.Login" name="loginTYT" time="84.169"/>
  <testcase classname="Testcase.Login" name="loginTYT" time="40.174"/>
</testsuite> <!-- Testcase.Login -->
